# JRE version: Java(TM) SE Runtime Environment (8.0_171-b11) (build 1.8.0_171-b11)
# Java VM: Java HotSpot(TM) 64-Bit Server VM (25.171-b11 mixed mode windows-amd64 compressed oops)
Heap:
 PSYoungGen      total 197632K, used 139892K [0x000000076b580000, 0x000000077dd00000, 0x00000007c0000000)
  eden space 176640K, 67% used [0x000000076b580000,0x00000007729cb6f8,0x0000000776200000)
  from space 20992K, 99% used [0x000000077c880000,0x000000077dcd1aa8,0x000000077dd00000)
  to   space 24064K, 0% used [0x000000077ae00000,0x000000077ae00000,0x000000077c580000)
 ParOldGen       total 143360K, used 27942K [0x00000006c2000000, 0x00000006cac00000, 0x000000076b580000)
  object space 143360K, 19% used [0x00000006c2000000,0x00000006c3b49b10,0x00000006cac00000)
 Metaspace       used 27014K, capacity 27760K, committed 28032K, reserved 1073152K
  class space    used 3180K, capacity 3404K, committed 3456K, reserved 1048576K
GC Heap History (10 events):
Event: 3.630 GC heap before
{Heap before GC invocations=3 (full 0):
 PSYoungGen      total 75776K, used 75765K [0x000000076b580000, 0x0000000770a00000, 0x00000007c0000000)
  eden space 65024K, 100% used [0x000000076b580000,0x000000076f500000,0x000000076f500000)
  from space 10752K, 99% used [0x000000076ff80000,0x00000007709fd730,0x0000000770a00000)
  to   space 10752K, 0% used [0x000000076f500000,0x000000076f500000,0x000000076ff80000)
 ParOldGen       total 173568K, used 404K [0x00000006c2000000, 0x00000006cc980000, 0x000000076b580000)
  object space 173568K, 0% used [0x00000006c2000000,0x00000006c20652b8,0x00000006cc980000)
 Metaspace       used 15311K, capacity 15620K, committed 15744K, reserved 1062912K
  class space    used 1827K, capacity 1920K, committed 1920K, reserved 1048576K
Event: 3.651 GC heap after
Heap after GC invocations=3 (full 0):
 PSYoungGen      total 75776K, used 10720K [0x000000076b580000, 0x0000000774980000, 0x00000007c0000000)
  eden space 65024K, 0% used [0x000000076b580000,0x000000076b580000,0x000000076f500000)
  from space 10752K, 99% used [0x000000076f500000,0x000000076ff78020,0x000000076ff80000)
  to   space 10752K, 0% used [0x0000000773f00000,0x0000000773f00000,0x0000000774980000)
 ParOldGen       total 173568K, used 5923K [0x00000006c2000000, 0x00000006cc980000, 0x000000076b580000)
  object space 173568K, 3% used [0x00000006c2000000,0x00000006c25c8cb0,0x00000006cc980000)
 Metaspace       used 15311K, capacity 15620K, committed 15744K, reserved 1062912K
  class space    used 1827K, capacity 1920K, committed 1920K, reserved 1048576K
}
Event: 4.517 GC heap before
{Heap before GC invocations=4 (full 0):
 PSYoungGen      total 75776K, used 75744K [0x000000076b580000, 0x0000000774980000, 0x00000007c0000000)
  eden space 65024K, 100% used [0x000000076b580000,0x000000076f500000,0x000000076f500000)
  from space 10752K, 99% used [0x000000076f500000,0x000000076ff78020,0x000000076ff80000)
  to   space 10752K, 0% used [0x0000000773f00000,0x0000000773f00000,0x0000000774980000)
 ParOldGen       total 173568K, used 5923K [0x00000006c2000000, 0x00000006cc980000, 0x000000076b580000)
  object space 173568K, 3% used [0x00000006c2000000,0x00000006c25c8cb0,0x00000006cc980000)
 Metaspace       used 15584K, capacity 15882K, committed 16128K, reserved 1062912K
  class space    used 1831K, capacity 1921K, committed 2048K, reserved 1048576K
Event: 4.540 GC heap after
Heap after GC invocations=4 (full 0):
 PSYoungGen      total 140800K, used 10736K [0x000000076b580000, 0x0000000774980000, 0x00000007c0000000)
  eden space 130048K, 0% used [0x000000076b580000,0x000000076b580000,0x0000000773480000)
  from space 10752K, 99% used [0x0000000773f00000,0x000000077497c010,0x0000000774980000)
  to   space 10752K, 0% used [0x0000000773480000,0x0000000773480000,0x0000000773f00000)
 ParOldGen       total 173568K, used 11955K [0x00000006c2000000, 0x00000006cc980000, 0x000000076b580000)
  object space 173568K, 6% used [0x00000006c2000000,0x00000006c2baccb0,0x00000006cc980000)
 Metaspace       used 15584K, capacity 15882K, committed 16128K, reserved 1062912K
  class space    used 1831K, capacity 1921K, committed 2048K, reserved 1048576K
}
Event: 6.571 GC heap before
{Heap before GC invocations=5 (full 0):
 PSYoungGen      total 140800K, used 100643K [0x000000076b580000, 0x0000000774980000, 0x00000007c0000000)
  eden space 130048K, 69% used [0x000000076b580000,0x0000000770d4cda0,0x0000000773480000)
  from space 10752K, 99% used [0x0000000773f00000,0x000000077497c010,0x0000000774980000)
  to   space 10752K, 0% used [0x0000000773480000,0x0000000773480000,0x0000000773f00000)
 ParOldGen       total 173568K, used 11955K [0x00000006c2000000, 0x00000006cc980000, 0x000000076b580000)
  object space 173568K, 6% used [0x00000006c2000000,0x00000006c2baccb0,0x00000006cc980000)
 Metaspace       used 20678K, capacity 21170K, committed 21296K, reserved 1069056K
  class space    used 2461K, capacity 2617K, committed 2688K, reserved 1048576K
Event: 6.599 GC heap after
Heap after GC invocations=5 (full 0):
 PSYoungGen      total 140800K, used 10736K [0x000000076b580000, 0x000000077dd80000, 0x00000007c0000000)
  eden space 130048K, 0% used [0x000000076b580000,0x000000076b580000,0x0000000773480000)
  from space 10752K, 99% used [0x0000000773480000,0x0000000773efc030,0x0000000773f00000)
  to   space 21504K, 0% used [0x000000077c880000,0x000000077c880000,0x000000077dd80000)
 ParOldGen       total 173568K, used 19269K [0x00000006c2000000, 0x00000006cc980000, 0x000000076b580000)
  object space 173568K, 11% used [0x00000006c2000000,0x00000006c32d1590,0x00000006cc980000)
 Metaspace       used 20678K, capacity 21170K, committed 21296K, reserved 1069056K
  class space    used 2461K, capacity 2617K, committed 2688K, reserved 1048576K
}
Event: 6.599 GC heap before
{Heap before GC invocations=6 (full 1):
 PSYoungGen      total 140800K, used 10736K [0x000000076b580000, 0x000000077dd80000, 0x00000007c0000000)
  eden space 130048K, 0% used [0x000000076b580000,0x000000076b580000,0x0000000773480000)
  from space 10752K, 99% used [0x0000000773480000,0x0000000773efc030,0x0000000773f00000)
  to   space 21504K, 0% used [0x000000077c880000,0x000000077c880000,0x000000077dd80000)
 ParOldGen       total 173568K, used 19269K [0x00000006c2000000, 0x00000006cc980000, 0x000000076b580000)
  object space 173568K, 11% used [0x00000006c2000000,0x00000006c32d1590,0x00000006cc980000)
 Metaspace       used 20678K, capacity 21170K, committed 21296K, reserved 1069056K
  class space    used 2461K, capacity 2617K, committed 2688K, reserved 1048576K
Event: 6.756 GC heap after
Heap after GC invocations=6 (full 1):
 PSYoungGen      total 140800K, used 0K [0x000000076b580000, 0x000000077dd80000, 0x00000007c0000000)
  eden space 130048K, 0% used [0x000000076b580000,0x000000076b580000,0x0000000773480000)
  from space 10752K, 0% used [0x0000000773480000,0x0000000773480000,0x0000000773f00000)
  to   space 21504K, 0% used [0x000000077c880000,0x000000077c880000,0x000000077dd80000)
 ParOldGen       total 143360K, used 27934K [0x00000006c2000000, 0x00000006cac00000, 0x000000076b580000)
  object space 143360K, 19% used [0x00000006c2000000,0x00000006c3b47b10,0x00000006cac00000)
 Metaspace       used 20678K, capacity 21170K, committed 21296K, reserved 1069056K
  class space    used 2461K, capacity 2617K, committed 2688K, reserved 1048576K
}
Event: 9.787 GC heap before
{Heap before GC invocations=7 (full 1):
 PSYoungGen      total 140800K, used 130048K [0x000000076b580000, 0x000000077dd80000, 0x00000007c0000000)
  eden space 130048K, 100% used [0x000000076b580000,0x0000000773480000,0x0000000773480000)
  from space 10752K, 0% used [0x0000000773480000,0x0000000773480000,0x0000000773f00000)
  to   space 21504K, 0% used [0x000000077c880000,0x000000077c880000,0x000000077dd80000)
 ParOldGen       total 143360K, used 27934K [0x00000006c2000000, 0x00000006cac00000, 0x000000076b580000)
  object space 143360K, 19% used [0x00000006c2000000,0x00000006c3b47b10,0x00000006cac00000)
 Metaspace       used 23655K, capacity 24320K, committed 24448K, reserved 1071104K
  class space    used 2767K, capacity 2940K, committed 2944K, reserved 1048576K
Event: 9.807 GC heap after
Heap after GC invocations=7 (full 1):
 PSYoungGen      total 197632K, used 20806K [0x000000076b580000, 0x000000077dd00000, 0x00000007c0000000)
  eden space 176640K, 0% used [0x000000076b580000,0x000000076b580000,0x0000000776200000)
  from space 20992K, 99% used [0x000000077c880000,0x000000077dcd1aa8,0x000000077dd00000)
  to   space 24064K, 0% used [0x000000077ae00000,0x000000077ae00000,0x000000077c580000)
 ParOldGen       total 143360K, used 27942K [0x00000006c2000000, 0x00000006cac00000, 0x000000076b580000)
  object space 143360K, 19% used [0x00000006c2000000,0x00000006c3b49b10,0x00000006cac00000)
 Metaspace       used 23655K, capacity 24320K, committed 24448K, reserved 1071104K
  class space    used 2767K, capacity 2940K, committed 2944K, reserved 1048576K
}

